<?xml version="1.0" encoding="UTF-8"?>
<testng-results skipped="0" failed="0" ignored="0" total="1" passed="1">
  <reporter-output>
  </reporter-output>
  <suite name="Default suite" duration-ms="15418" started-at="2020-09-22T00:15:14Z" finished-at="2020-09-22T00:15:30Z">
    <groups>
    </groups>
    <test name="Default test" duration-ms="15418" started-at="2020-09-22T00:15:14Z" finished-at="2020-09-22T00:15:30Z">
      <class name="TestCases.TC001">
        <test-method status="PASS" signature="openApp()[pri:0, instance:TestCases.TC001@73846619]" name="openApp" is-config="true" duration-ms="5282" started-at="2020-09-22T00:15:14Z" finished-at="2020-09-22T00:15:20Z">
          <reporter-output>
          </reporter-output>
        </test-method> <!-- openApp -->
        <test-method status="PASS" signature="testTC001()[pri:0, instance:TestCases.TC001@73846619]" name="testTC001" duration-ms="8998" started-at="2020-09-22T00:15:20Z" finished-at="2020-09-22T00:15:29Z">
          <reporter-output>
          </reporter-output>
        </test-method> <!-- testTC001 -->
        <test-method status="PASS" signature="closeApp()[pri:0, instance:TestCases.TC001@73846619]" name="closeApp" is-config="true" duration-ms="1123" started-at="2020-09-22T00:15:29Z" finished-at="2020-09-22T00:15:30Z">
          <reporter-output>
          </reporter-output>
        </test-method> <!-- closeApp -->
      </class> <!-- TestCases.TC001 -->
    </test> <!-- Default test -->
  </suite> <!-- Default suite -->
</testng-results>
